c:\users\risin\documents\nyu\gamep\game-programming\hw1\nyucodebase\debug\vc120.pdb
c:\users\risin\documents\nyu\gamep\game-programming\hw1\nyucodebase\debug\vc120.idb
c:\users\risin\documents\nyu\gamep\game-programming\hw1\nyucodebase\debug\main.nativecodeanalysis.xml
c:\users\risin\documents\nyu\gamep\game-programming\hw1\nyucodebase\debug\matrix.nativecodeanalysis.xml
c:\users\risin\documents\nyu\gamep\game-programming\hw1\nyucodebase\debug\shaderprogram.nativecodeanalysis.xml
c:\users\risin\documents\nyu\gamep\game-programming\hw1\nyucodebase\debug\shaderprogram.obj
c:\users\risin\documents\nyu\gamep\game-programming\hw1\nyucodebase\debug\matrix.obj
c:\users\risin\documents\nyu\gamep\game-programming\hw1\nyucodebase\debug\main.obj
c:\users\risin\documents\nyu\gamep\game-programming\hw1\debug\nyucodebase.ilk
c:\users\risin\documents\nyu\gamep\game-programming\hw1\debug\nyucodebase.exe
c:\users\risin\documents\nyu\gamep\game-programming\hw1\debug\nyucodebase.pdb
c:\users\risin\documents\nyu\gamep\game-programming\hw1\nyucodebase\debug\nativecodeanalysis.read.1.tlog
c:\users\risin\documents\nyu\gamep\game-programming\hw1\nyucodebase\debug\vc.nativecodeanalysis.all.xml
c:\users\risin\documents\nyu\gamep\game-programming\hw1\debug\nyucodebase.exe.lastcodeanalysissucceeded
c:\users\risin\documents\nyu\gamep\game-programming\hw1\nyucodebase\debug\nyucodebase.tlog\cl.command.1.tlog
c:\users\risin\documents\nyu\gamep\game-programming\hw1\nyucodebase\debug\nyucodebase.tlog\cl.read.1.tlog
c:\users\risin\documents\nyu\gamep\game-programming\hw1\nyucodebase\debug\nyucodebase.tlog\cl.write.1.tlog
c:\users\risin\documents\nyu\gamep\game-programming\hw1\nyucodebase\debug\nyucodebase.tlog\link.command.1.tlog
c:\users\risin\documents\nyu\gamep\game-programming\hw1\nyucodebase\debug\nyucodebase.tlog\link.read.1.tlog
c:\users\risin\documents\nyu\gamep\game-programming\hw1\nyucodebase\debug\nyucodebase.tlog\link.write.1.tlog
